  图形2.cpp
G:\opgl\图形2\图形2\图形2.cpp(39,66): warning C4305: “初始化”: 从“double”到“GLfloat”截断
G:\opgl\图形2\图形2\图形2.cpp(372,84): warning C4244: “参数”: 从“double”转换到“GLfloat”，可能丢失数据
G:\opgl\图形2\图形2\图形2.cpp(372,43): warning C4244: “参数”: 从“double”转换到“GLfloat”，可能丢失数据
G:\opgl\图形2\图形2\图形2.cpp(373,86): warning C4244: “参数”: 从“double”转换到“GLfloat”，可能丢失数据
G:\opgl\图形2\图形2\图形2.cpp(373,43): warning C4244: “参数”: 从“double”转换到“GLfloat”，可能丢失数据
G:\opgl\图形2\图形2\图形2.cpp(379,90): warning C4244: “参数”: 从“double”转换到“GLfloat”，可能丢失数据
G:\opgl\图形2\图形2\图形2.cpp(379,45): warning C4244: “参数”: 从“double”转换到“GLfloat”，可能丢失数据
G:\opgl\图形2\图形2\图形2.cpp(380,89): warning C4244: “参数”: 从“double”转换到“GLfloat”，可能丢失数据
G:\opgl\图形2\图形2\图形2.cpp(380,45): warning C4244: “参数”: 从“double”转换到“GLfloat”，可能丢失数据
G:\opgl\图形2\图形2\图形2.cpp(385,90): warning C4244: “参数”: 从“double”转换到“GLfloat”，可能丢失数据
G:\opgl\图形2\图形2\图形2.cpp(385,45): warning C4244: “参数”: 从“double”转换到“GLfloat”，可能丢失数据
G:\opgl\图形2\图形2\图形2.cpp(386,90): warning C4244: “参数”: 从“double”转换到“GLfloat”，可能丢失数据
G:\opgl\图形2\图形2\图形2.cpp(386,45): warning C4244: “参数”: 从“double”转换到“GLfloat”，可能丢失数据
G:\opgl\图形2\图形2\图形2.cpp(424,23): warning C4305: “参数”: 从“double”到“GLfloat”截断
G:\opgl\图形2\图形2\图形2.cpp(439,26): warning C4305: “参数”: 从“double”到“GLfloat”截断
G:\opgl\图形2\图形2\图形2.cpp(454,23): warning C4305: “参数”: 从“double”到“GLfloat”截断
G:\opgl\图形2\图形2\图形2.cpp(469,25): warning C4305: “参数”: 从“double”到“GLfloat”截断
G:\opgl\图形2\图形2\图形2.cpp(484,25): warning C4305: “参数”: 从“double”到“GLfloat”截断
G:\opgl\图形2\图形2\图形2.cpp(568,41): warning C4244: “-=”: 从“double”转换到“float”，可能丢失数据
G:\opgl\图形2\图形2\图形2.cpp(569,41): warning C4244: “-=”: 从“double”转换到“float”，可能丢失数据
G:\opgl\图形2\图形2\图形2.cpp(574,41): warning C4244: “+=”: 从“double”转换到“float”，可能丢失数据
G:\opgl\图形2\图形2\图形2.cpp(575,41): warning C4244: “+=”: 从“double”转换到“float”，可能丢失数据
G:\opgl\图形2\图形2\图形2.cpp(580,46): warning C4244: “=”: 从“double”转换到“float”，可能丢失数据
G:\opgl\图形2\图形2\图形2.cpp(581,18): warning C4244: “=”: 从“double”转换到“float”，可能丢失数据
G:\opgl\图形2\图形2\图形2.cpp(582,46): warning C4244: “=”: 从“double”转换到“float”，可能丢失数据
G:\opgl\图形2\图形2\图形2.cpp(583,18): warning C4244: “=”: 从“double”转换到“float”，可能丢失数据
G:\opgl\图形2\图形2\图形2.cpp(584,47): warning C4244: “=”: 从“double”转换到“float”，可能丢失数据
G:\opgl\图形2\图形2\图形2.cpp(585,23): warning C4244: “=”: 从“double”转换到“float”，可能丢失数据
G:\opgl\图形2\图形2\图形2.cpp(586,14): warning C4244: “=”: 从“double”转换到“float”，可能丢失数据
G:\opgl\图形2\图形2\图形2.cpp(587,17): warning C4244: “=”: 从“double”转换到“float”，可能丢失数据
G:\opgl\图形2\图形2\图形2.cpp(591,54): warning C4244: “=”: 从“double”转换到“float”，可能丢失数据
G:\opgl\图形2\图形2\图形2.cpp(592,18): warning C4244: “=”: 从“double”转换到“float”，可能丢失数据
G:\opgl\图形2\图形2\图形2.cpp(593,54): warning C4244: “=”: 从“double”转换到“float”，可能丢失数据
G:\opgl\图形2\图形2\图形2.cpp(594,18): warning C4244: “=”: 从“double”转换到“float”，可能丢失数据
G:\opgl\图形2\图形2\图形2.cpp(595,55): warning C4244: “=”: 从“double”转换到“float”，可能丢失数据
G:\opgl\图形2\图形2\图形2.cpp(596,23): warning C4244: “=”: 从“double”转换到“float”，可能丢失数据
G:\opgl\图形2\图形2\图形2.cpp(597,14): warning C4244: “=”: 从“double”转换到“float”，可能丢失数据
G:\opgl\图形2\图形2\图形2.cpp(598,17): warning C4244: “=”: 从“double”转换到“float”，可能丢失数据
G:\opgl\图形2\图形2\图形2.cpp(605,46): warning C4244: “=”: 从“double”转换到“float”，可能丢失数据
G:\opgl\图形2\图形2\图形2.cpp(606,18): warning C4244: “=”: 从“double”转换到“float”，可能丢失数据
G:\opgl\图形2\图形2\图形2.cpp(607,46): warning C4244: “=”: 从“double”转换到“float”，可能丢失数据
G:\opgl\图形2\图形2\图形2.cpp(608,18): warning C4244: “=”: 从“double”转换到“float”，可能丢失数据
G:\opgl\图形2\图形2\图形2.cpp(609,47): warning C4244: “=”: 从“double”转换到“float”，可能丢失数据
G:\opgl\图形2\图形2\图形2.cpp(610,23): warning C4244: “=”: 从“double”转换到“float”，可能丢失数据
G:\opgl\图形2\图形2\图形2.cpp(611,14): warning C4244: “=”: 从“double”转换到“float”，可能丢失数据
G:\opgl\图形2\图形2\图形2.cpp(612,18): warning C4244: “=”: 从“double”转换到“float”，可能丢失数据
G:\opgl\图形2\图形2\图形2.cpp(615,52): warning C4244: “=”: 从“double”转换到“float”，可能丢失数据
G:\opgl\图形2\图形2\图形2.cpp(616,18): warning C4244: “=”: 从“double”转换到“float”，可能丢失数据
G:\opgl\图形2\图形2\图形2.cpp(617,54): warning C4244: “=”: 从“double”转换到“float”，可能丢失数据
G:\opgl\图形2\图形2\图形2.cpp(618,18): warning C4244: “=”: 从“double”转换到“float”，可能丢失数据
G:\opgl\图形2\图形2\图形2.cpp(619,55): warning C4244: “=”: 从“double”转换到“float”，可能丢失数据
G:\opgl\图形2\图形2\图形2.cpp(620,23): warning C4244: “=”: 从“double”转换到“float”，可能丢失数据
G:\opgl\图形2\图形2\图形2.cpp(621,14): warning C4244: “=”: 从“double”转换到“float”，可能丢失数据
G:\opgl\图形2\图形2\图形2.cpp(622,17): warning C4244: “=”: 从“double”转换到“float”，可能丢失数据
G:\opgl\图形2\图形2\图形2.cpp(680,55): warning C4305: “初始化”: 从“double”到“GLfloat”截断
  图形2.vcxproj -> G:\opgl\图形2\图形2\Debug\图形2.exe
